# JRE version: OpenJDK Runtime Environment (8.0_242-b01) (build 1.8.0_242-release-1644-b01)
# Java VM: OpenJDK 64-Bit Server VM (25.242-b01 mixed mode windows-amd64 compressed oops)
Heap:
 PSYoungGen      total 145408K, used 57454K [0x00000000d5580000, 0x00000000e0180000, 0x0000000100000000)
  eden space 135168K, 42% used [0x00000000d5580000,0x00000000d8d9b988,0x00000000dd980000)
  from space 10240K, 0% used [0x00000000de400000,0x00000000de400000,0x00000000dee00000)
  to   space 10752K, 0% used [0x00000000dd980000,0x00000000dd980000,0x00000000de400000)
 ParOldGen       total 39424K, used 13226K [0x0000000080000000, 0x0000000082680000, 0x00000000d5580000)
  object space 39424K, 33% used [0x0000000080000000,0x0000000080ceaa38,0x0000000082680000)
 Metaspace       used 39022K, capacity 40448K, committed 40664K, reserved 1085440K
  class space    used 5218K, capacity 5544K, committed 5592K, reserved 1048576K
GC Heap History (10 events):
Event: 39.481 GC heap before
{Heap before GC invocations=10 (full 1):
 PSYoungGen      total 70656K, used 5403K [0x00000000d5580000, 0x00000000dc700000, 0x0000000100000000)
  eden space 62976K, 0% used [0x00000000d5580000,0x00000000d5580000,0x00000000d9300000)
  from space 7680K, 70% used [0x00000000d9300000,0x00000000d9846fe0,0x00000000d9a80000)
  to   space 7680K, 0% used [0x00000000dbf80000,0x00000000dbf80000,0x00000000dc700000)
 ParOldGen       total 44032K, used 6431K [0x0000000080000000, 0x0000000082b00000, 0x00000000d5580000)
  object space 44032K, 14% used [0x0000000080000000,0x0000000080647f98,0x0000000082b00000)
 Metaspace       used 20508K, capacity 21204K, committed 21248K, reserved 1067008K
  class space    used 2856K, capacity 3030K, committed 3072K, reserved 1048576K
Event: 39.579 GC heap after
Heap after GC invocations=10 (full 1):
 PSYoungGen      total 70656K, used 0K [0x00000000d5580000, 0x00000000dc700000, 0x0000000100000000)
  eden space 62976K, 0% used [0x00000000d5580000,0x00000000d5580000,0x00000000d9300000)
  from space 7680K, 0% used [0x00000000d9300000,0x00000000d9300000,0x00000000d9a80000)
  to   space 7680K, 0% used [0x00000000dbf80000,0x00000000dbf80000,0x00000000dc700000)
 ParOldGen       total 31232K, used 9634K [0x0000000080000000, 0x0000000081e80000, 0x00000000d5580000)
  object space 31232K, 30% used [0x0000000080000000,0x0000000080968a70,0x0000000081e80000)
 Metaspace       used 20508K, capacity 21204K, committed 21248K, reserved 1067008K
  class space    used 2856K, capacity 3030K, committed 3072K, reserved 1048576K
}
Event: 52.949 GC heap before
{Heap before GC invocations=11 (full 1):
 PSYoungGen      total 70656K, used 62976K [0x00000000d5580000, 0x00000000dc700000, 0x0000000100000000)
  eden space 62976K, 100% used [0x00000000d5580000,0x00000000d9300000,0x00000000d9300000)
  from space 7680K, 0% used [0x00000000d9300000,0x00000000d9300000,0x00000000d9a80000)
  to   space 7680K, 0% used [0x00000000dbf80000,0x00000000dbf80000,0x00000000dc700000)
 ParOldGen       total 31232K, used 9634K [0x0000000080000000, 0x0000000081e80000, 0x00000000d5580000)
  object space 31232K, 30% used [0x0000000080000000,0x0000000080968a70,0x0000000081e80000)
 Metaspace       used 24766K, capacity 25768K, committed 25856K, reserved 1071104K
  class space    used 3536K, capacity 3802K, committed 3840K, reserved 1048576K
Event: 52.968 GC heap after
Heap after GC invocations=11 (full 1):
 PSYoungGen      total 98816K, used 5470K [0x00000000d5580000, 0x00000000dc500000, 0x0000000100000000)
  eden space 93184K, 0% used [0x00000000d5580000,0x00000000d5580000,0x00000000db080000)
  from space 5632K, 97% used [0x00000000dbf80000,0x00000000dc4d7ba8,0x00000000dc500000)
  to   space 7680K, 0% used [0x00000000db600000,0x00000000db600000,0x00000000dbd80000)
 ParOldGen       total 31232K, used 9642K [0x0000000080000000, 0x0000000081e80000, 0x00000000d5580000)
  object space 31232K, 30% used [0x0000000080000000,0x000000008096aa70,0x0000000081e80000)
 Metaspace       used 24766K, capacity 25768K, committed 25856K, reserved 1071104K
  class space    used 3536K, capacity 3802K, committed 3840K, reserved 1048576K
}
Event: 89.172 GC heap before
{Heap before GC invocations=12 (full 1):
 PSYoungGen      total 98816K, used 98654K [0x00000000d5580000, 0x00000000dc500000, 0x0000000100000000)
  eden space 93184K, 100% used [0x00000000d5580000,0x00000000db080000,0x00000000db080000)
  from space 5632K, 97% used [0x00000000dbf80000,0x00000000dc4d7ba8,0x00000000dc500000)
  to   space 7680K, 0% used [0x00000000db600000,0x00000000db600000,0x00000000dbd80000)
 ParOldGen       total 31232K, used 9642K [0x0000000080000000, 0x0000000081e80000, 0x00000000d5580000)
  object space 31232K, 30% used [0x0000000080000000,0x000000008096aa70,0x0000000081e80000)
 Metaspace       used 33961K, capacity 35268K, committed 35416K, reserved 1079296K
  class space    used 4584K, capacity 4909K, committed 4952K, reserved 1048576K
Event: 89.218 GC heap after
Heap after GC invocations=12 (full 1):
 PSYoungGen      total 106496K, used 7662K [0x00000000d5580000, 0x00000000dee00000, 0x0000000100000000)
  eden space 98816K, 0% used [0x00000000d5580000,0x00000000d5580000,0x00000000db600000)
  from space 7680K, 99% used [0x00000000db600000,0x00000000dbd7ba50,0x00000000dbd80000)
  to   space 10240K, 0% used [0x00000000de400000,0x00000000de400000,0x00000000dee00000)
 ParOldGen       total 31232K, used 13576K [0x0000000080000000, 0x0000000081e80000, 0x00000000d5580000)
  object space 31232K, 43% used [0x0000000080000000,0x0000000080d420a0,0x0000000081e80000)
 Metaspace       used 33961K, capacity 35268K, committed 35416K, reserved 1079296K
  class space    used 4584K, capacity 4909K, committed 4952K, reserved 1048576K
}
Event: 89.372 GC heap before
{Heap before GC invocations=13 (full 1):
 PSYoungGen      total 106496K, used 9394K [0x00000000d5580000, 0x00000000dee00000, 0x0000000100000000)
  eden space 98816K, 1% used [0x00000000d5580000,0x00000000d5730ed8,0x00000000db600000)
  from space 7680K, 99% used [0x00000000db600000,0x00000000dbd7ba50,0x00000000dbd80000)
  to   space 10240K, 0% used [0x00000000de400000,0x00000000de400000,0x00000000dee00000)
 ParOldGen       total 31232K, used 13576K [0x0000000080000000, 0x0000000081e80000, 0x00000000d5580000)
  object space 31232K, 43% used [0x0000000080000000,0x0000000080d420a0,0x0000000081e80000)
 Metaspace       used 34016K, capacity 35364K, committed 35416K, reserved 1079296K
  class space    used 4592K, capacity 4941K, committed 4952K, reserved 1048576K
Event: 89.393 GC heap after
Heap after GC invocations=13 (full 1):
 PSYoungGen      total 145408K, used 224K [0x00000000d5580000, 0x00000000e0180000, 0x0000000100000000)
  eden space 135168K, 0% used [0x00000000d5580000,0x00000000d5580000,0x00000000dd980000)
  from space 10240K, 2% used [0x00000000de400000,0x00000000de438000,0x00000000dee00000)
  to   space 10752K, 0% used [0x00000000dd980000,0x00000000dd980000,0x00000000de400000)
 ParOldGen       total 31232K, used 18759K [0x0000000080000000, 0x0000000081e80000, 0x00000000d5580000)
  object space 31232K, 60% used [0x0000000080000000,0x0000000081251e88,0x0000000081e80000)
 Metaspace       used 34016K, capacity 35364K, committed 35416K, reserved 1079296K
  class space    used 4592K, capacity 4941K, committed 4952K, reserved 1048576K
}
Event: 89.393 GC heap before
{Heap before GC invocations=14 (full 2):
 PSYoungGen      total 145408K, used 224K [0x00000000d5580000, 0x00000000e0180000, 0x0000000100000000)
  eden space 135168K, 0% used [0x00000000d5580000,0x00000000d5580000,0x00000000dd980000)
  from space 10240K, 2% used [0x00000000de400000,0x00000000de438000,0x00000000dee00000)
  to   space 10752K, 0% used [0x00000000dd980000,0x00000000dd980000,0x00000000de400000)
 ParOldGen       total 31232K, used 18759K [0x0000000080000000, 0x0000000081e80000, 0x00000000d5580000)
  object space 31232K, 60% used [0x0000000080000000,0x0000000081251e88,0x0000000081e80000)
 Metaspace       used 34016K, capacity 35364K, committed 35416K, reserved 1079296K
  class space    used 4592K, capacity 4941K, committed 4952K, reserved 1048576K
Event: 89.627 GC heap after
Heap after GC invocations=14 (full 2):
 PSYoungGen      total 145408K, used 0K [0x00000000d5580000, 0x00000000e0180000, 0x0000000100000000)
  eden space 135168K, 0% used [0x00000000d5580000,0x00000000d5580000,0x00000000dd980000)
  from space 10240K, 0% used [0x00000000de400000,0x00000000de400000,0x00000000dee00000)
  to   space 10752K, 0% used [0x00000000dd980000,0x00000000dd980000,0x00000000de400000)
 ParOldGen       total 39424K, used 13226K [0x0000000080000000, 0x0000000082680000, 0x00000000d5580000)
  object space 39424K, 33% used [0x0000000080000000,0x0000000080ceaa38,0x0000000082680000)
 Metaspace       used 34016K, capacity 35364K, committed 35416K, reserved 1079296K
  class space    used 4592K, capacity 4941K, committed 4952K, reserved 1048576K
}

